Created by PLY version 3.11 (http://www.dabeaz.com/ply)

Grammar

Rule 0     S' -> start
Rule 1     start -> EXPRESSION
Rule 2     EXPRESSION -> NUMBER
Rule 3     EXPRESSION -> VAR
Rule 4     EXPRESSION -> EXPRESSION + EXPRESSION
Rule 5     EXPRESSION -> EXPRESSION - EXPRESSION
Rule 6     EXPRESSION -> EXPRESSION * EXPRESSION
Rule 7     EXPRESSION -> EXPRESSION / EXPRESSION
Rule 8     EXPRESSION -> EXPRESSION MUL EXPRESSION
Rule 9     EXPRESSION -> ( EXPRESSION )

Terminals, with rules where they appear

(                    : 9
)                    : 9
*                    : 6
+                    : 4
-                    : 5
/                    : 7
MUL                  : 8
NUMBER               : 2
VAR                  : 3
error                : 

Nonterminals, with rules where they appear

EXPRESSION           : 1 4 4 5 5 6 6 7 7 8 8 9
start                : 0

Parsing method: LALR

state 0

    (0) S' -> . start
    (1) start -> . EXPRESSION
    (2) EXPRESSION -> . NUMBER
    (3) EXPRESSION -> . VAR
    (4) EXPRESSION -> . EXPRESSION + EXPRESSION
    (5) EXPRESSION -> . EXPRESSION - EXPRESSION
    (6) EXPRESSION -> . EXPRESSION * EXPRESSION
    (7) EXPRESSION -> . EXPRESSION / EXPRESSION
    (8) EXPRESSION -> . EXPRESSION MUL EXPRESSION
    (9) EXPRESSION -> . ( EXPRESSION )

    NUMBER          shift and go to state 3
    VAR             shift and go to state 4
    (               shift and go to state 5

    start                          shift and go to state 1
    EXPRESSION                     shift and go to state 2

state 1

    (0) S' -> start .



state 2

    (1) start -> EXPRESSION .
    (4) EXPRESSION -> EXPRESSION . + EXPRESSION
    (5) EXPRESSION -> EXPRESSION . - EXPRESSION
    (6) EXPRESSION -> EXPRESSION . * EXPRESSION
    (7) EXPRESSION -> EXPRESSION . / EXPRESSION
    (8) EXPRESSION -> EXPRESSION . MUL EXPRESSION

    $end            reduce using rule 1 (start -> EXPRESSION .)
    +               shift and go to state 6
    -               shift and go to state 7
    *               shift and go to state 8
    /               shift and go to state 9
    MUL             shift and go to state 10


state 3

    (2) EXPRESSION -> NUMBER .

    +               reduce using rule 2 (EXPRESSION -> NUMBER .)
    -               reduce using rule 2 (EXPRESSION -> NUMBER .)
    *               reduce using rule 2 (EXPRESSION -> NUMBER .)
    /               reduce using rule 2 (EXPRESSION -> NUMBER .)
    MUL             reduce using rule 2 (EXPRESSION -> NUMBER .)
    $end            reduce using rule 2 (EXPRESSION -> NUMBER .)
    )               reduce using rule 2 (EXPRESSION -> NUMBER .)


state 4

    (3) EXPRESSION -> VAR .

    +               reduce using rule 3 (EXPRESSION -> VAR .)
    -               reduce using rule 3 (EXPRESSION -> VAR .)
    *               reduce using rule 3 (EXPRESSION -> VAR .)
    /               reduce using rule 3 (EXPRESSION -> VAR .)
    MUL             reduce using rule 3 (EXPRESSION -> VAR .)
    $end            reduce using rule 3 (EXPRESSION -> VAR .)
    )               reduce using rule 3 (EXPRESSION -> VAR .)


state 5

    (9) EXPRESSION -> ( . EXPRESSION )
    (2) EXPRESSION -> . NUMBER
    (3) EXPRESSION -> . VAR
    (4) EXPRESSION -> . EXPRESSION + EXPRESSION
    (5) EXPRESSION -> . EXPRESSION - EXPRESSION
    (6) EXPRESSION -> . EXPRESSION * EXPRESSION
    (7) EXPRESSION -> . EXPRESSION / EXPRESSION
    (8) EXPRESSION -> . EXPRESSION MUL EXPRESSION
    (9) EXPRESSION -> . ( EXPRESSION )

    NUMBER          shift and go to state 3
    VAR             shift and go to state 4
    (               shift and go to state 5

    EXPRESSION                     shift and go to state 11

state 6

    (4) EXPRESSION -> EXPRESSION + . EXPRESSION
    (2) EXPRESSION -> . NUMBER
    (3) EXPRESSION -> . VAR
    (4) EXPRESSION -> . EXPRESSION + EXPRESSION
    (5) EXPRESSION -> . EXPRESSION - EXPRESSION
    (6) EXPRESSION -> . EXPRESSION * EXPRESSION
    (7) EXPRESSION -> . EXPRESSION / EXPRESSION
    (8) EXPRESSION -> . EXPRESSION MUL EXPRESSION
    (9) EXPRESSION -> . ( EXPRESSION )

    NUMBER          shift and go to state 3
    VAR             shift and go to state 4
    (               shift and go to state 5

    EXPRESSION                     shift and go to state 12

state 7

    (5) EXPRESSION -> EXPRESSION - . EXPRESSION
    (2) EXPRESSION -> . NUMBER
    (3) EXPRESSION -> . VAR
    (4) EXPRESSION -> . EXPRESSION + EXPRESSION
    (5) EXPRESSION -> . EXPRESSION - EXPRESSION
    (6) EXPRESSION -> . EXPRESSION * EXPRESSION
    (7) EXPRESSION -> . EXPRESSION / EXPRESSION
    (8) EXPRESSION -> . EXPRESSION MUL EXPRESSION
    (9) EXPRESSION -> . ( EXPRESSION )

    NUMBER          shift and go to state 3
    VAR             shift and go to state 4
    (               shift and go to state 5

    EXPRESSION                     shift and go to state 13

state 8

    (6) EXPRESSION -> EXPRESSION * . EXPRESSION
    (2) EXPRESSION -> . NUMBER
    (3) EXPRESSION -> . VAR
    (4) EXPRESSION -> . EXPRESSION + EXPRESSION
    (5) EXPRESSION -> . EXPRESSION - EXPRESSION
    (6) EXPRESSION -> . EXPRESSION * EXPRESSION
    (7) EXPRESSION -> . EXPRESSION / EXPRESSION
    (8) EXPRESSION -> . EXPRESSION MUL EXPRESSION
    (9) EXPRESSION -> . ( EXPRESSION )

    NUMBER          shift and go to state 3
    VAR             shift and go to state 4
    (               shift and go to state 5

    EXPRESSION                     shift and go to state 14

state 9

    (7) EXPRESSION -> EXPRESSION / . EXPRESSION
    (2) EXPRESSION -> . NUMBER
    (3) EXPRESSION -> . VAR
    (4) EXPRESSION -> . EXPRESSION + EXPRESSION
    (5) EXPRESSION -> . EXPRESSION - EXPRESSION
    (6) EXPRESSION -> . EXPRESSION * EXPRESSION
    (7) EXPRESSION -> . EXPRESSION / EXPRESSION
    (8) EXPRESSION -> . EXPRESSION MUL EXPRESSION
    (9) EXPRESSION -> . ( EXPRESSION )

    NUMBER          shift and go to state 3
    VAR             shift and go to state 4
    (               shift and go to state 5

    EXPRESSION                     shift and go to state 15

state 10

    (8) EXPRESSION -> EXPRESSION MUL . EXPRESSION
    (2) EXPRESSION -> . NUMBER
    (3) EXPRESSION -> . VAR
    (4) EXPRESSION -> . EXPRESSION + EXPRESSION
    (5) EXPRESSION -> . EXPRESSION - EXPRESSION
    (6) EXPRESSION -> . EXPRESSION * EXPRESSION
    (7) EXPRESSION -> . EXPRESSION / EXPRESSION
    (8) EXPRESSION -> . EXPRESSION MUL EXPRESSION
    (9) EXPRESSION -> . ( EXPRESSION )

    NUMBER          shift and go to state 3
    VAR             shift and go to state 4
    (               shift and go to state 5

    EXPRESSION                     shift and go to state 16

state 11

    (9) EXPRESSION -> ( EXPRESSION . )
    (4) EXPRESSION -> EXPRESSION . + EXPRESSION
    (5) EXPRESSION -> EXPRESSION . - EXPRESSION
    (6) EXPRESSION -> EXPRESSION . * EXPRESSION
    (7) EXPRESSION -> EXPRESSION . / EXPRESSION
    (8) EXPRESSION -> EXPRESSION . MUL EXPRESSION

    )               shift and go to state 17
    +               shift and go to state 6
    -               shift and go to state 7
    *               shift and go to state 8
    /               shift and go to state 9
    MUL             shift and go to state 10


state 12

    (4) EXPRESSION -> EXPRESSION + EXPRESSION .
    (4) EXPRESSION -> EXPRESSION . + EXPRESSION
    (5) EXPRESSION -> EXPRESSION . - EXPRESSION
    (6) EXPRESSION -> EXPRESSION . * EXPRESSION
    (7) EXPRESSION -> EXPRESSION . / EXPRESSION
    (8) EXPRESSION -> EXPRESSION . MUL EXPRESSION

    +               reduce using rule 4 (EXPRESSION -> EXPRESSION + EXPRESSION .)
    -               reduce using rule 4 (EXPRESSION -> EXPRESSION + EXPRESSION .)
    MUL             reduce using rule 4 (EXPRESSION -> EXPRESSION + EXPRESSION .)
    $end            reduce using rule 4 (EXPRESSION -> EXPRESSION + EXPRESSION .)
    )               reduce using rule 4 (EXPRESSION -> EXPRESSION + EXPRESSION .)
    *               shift and go to state 8
    /               shift and go to state 9

  ! *               [ reduce using rule 4 (EXPRESSION -> EXPRESSION + EXPRESSION .) ]
  ! /               [ reduce using rule 4 (EXPRESSION -> EXPRESSION + EXPRESSION .) ]
  ! +               [ shift and go to state 6 ]
  ! -               [ shift and go to state 7 ]
  ! MUL             [ shift and go to state 10 ]


state 13

    (5) EXPRESSION -> EXPRESSION - EXPRESSION .
    (4) EXPRESSION -> EXPRESSION . + EXPRESSION
    (5) EXPRESSION -> EXPRESSION . - EXPRESSION
    (6) EXPRESSION -> EXPRESSION . * EXPRESSION
    (7) EXPRESSION -> EXPRESSION . / EXPRESSION
    (8) EXPRESSION -> EXPRESSION . MUL EXPRESSION

    +               reduce using rule 5 (EXPRESSION -> EXPRESSION - EXPRESSION .)
    -               reduce using rule 5 (EXPRESSION -> EXPRESSION - EXPRESSION .)
    MUL             reduce using rule 5 (EXPRESSION -> EXPRESSION - EXPRESSION .)
    $end            reduce using rule 5 (EXPRESSION -> EXPRESSION - EXPRESSION .)
    )               reduce using rule 5 (EXPRESSION -> EXPRESSION - EXPRESSION .)
    *               shift and go to state 8
    /               shift and go to state 9

  ! *               [ reduce using rule 5 (EXPRESSION -> EXPRESSION - EXPRESSION .) ]
  ! /               [ reduce using rule 5 (EXPRESSION -> EXPRESSION - EXPRESSION .) ]
  ! +               [ shift and go to state 6 ]
  ! -               [ shift and go to state 7 ]
  ! MUL             [ shift and go to state 10 ]


state 14

    (6) EXPRESSION -> EXPRESSION * EXPRESSION .
    (4) EXPRESSION -> EXPRESSION . + EXPRESSION
    (5) EXPRESSION -> EXPRESSION . - EXPRESSION
    (6) EXPRESSION -> EXPRESSION . * EXPRESSION
    (7) EXPRESSION -> EXPRESSION . / EXPRESSION
    (8) EXPRESSION -> EXPRESSION . MUL EXPRESSION

    +               reduce using rule 6 (EXPRESSION -> EXPRESSION * EXPRESSION .)
    -               reduce using rule 6 (EXPRESSION -> EXPRESSION * EXPRESSION .)
    *               reduce using rule 6 (EXPRESSION -> EXPRESSION * EXPRESSION .)
    /               reduce using rule 6 (EXPRESSION -> EXPRESSION * EXPRESSION .)
    MUL             reduce using rule 6 (EXPRESSION -> EXPRESSION * EXPRESSION .)
    $end            reduce using rule 6 (EXPRESSION -> EXPRESSION * EXPRESSION .)
    )               reduce using rule 6 (EXPRESSION -> EXPRESSION * EXPRESSION .)

  ! +               [ shift and go to state 6 ]
  ! -               [ shift and go to state 7 ]
  ! *               [ shift and go to state 8 ]
  ! /               [ shift and go to state 9 ]
  ! MUL             [ shift and go to state 10 ]


state 15

    (7) EXPRESSION -> EXPRESSION / EXPRESSION .
    (4) EXPRESSION -> EXPRESSION . + EXPRESSION
    (5) EXPRESSION -> EXPRESSION . - EXPRESSION
    (6) EXPRESSION -> EXPRESSION . * EXPRESSION
    (7) EXPRESSION -> EXPRESSION . / EXPRESSION
    (8) EXPRESSION -> EXPRESSION . MUL EXPRESSION

    +               reduce using rule 7 (EXPRESSION -> EXPRESSION / EXPRESSION .)
    -               reduce using rule 7 (EXPRESSION -> EXPRESSION / EXPRESSION .)
    *               reduce using rule 7 (EXPRESSION -> EXPRESSION / EXPRESSION .)
    /               reduce using rule 7 (EXPRESSION -> EXPRESSION / EXPRESSION .)
    MUL             reduce using rule 7 (EXPRESSION -> EXPRESSION / EXPRESSION .)
    $end            reduce using rule 7 (EXPRESSION -> EXPRESSION / EXPRESSION .)
    )               reduce using rule 7 (EXPRESSION -> EXPRESSION / EXPRESSION .)

  ! +               [ shift and go to state 6 ]
  ! -               [ shift and go to state 7 ]
  ! *               [ shift and go to state 8 ]
  ! /               [ shift and go to state 9 ]
  ! MUL             [ shift and go to state 10 ]


state 16

    (8) EXPRESSION -> EXPRESSION MUL EXPRESSION .
    (4) EXPRESSION -> EXPRESSION . + EXPRESSION
    (5) EXPRESSION -> EXPRESSION . - EXPRESSION
    (6) EXPRESSION -> EXPRESSION . * EXPRESSION
    (7) EXPRESSION -> EXPRESSION . / EXPRESSION
    (8) EXPRESSION -> EXPRESSION . MUL EXPRESSION

  ! shift/reduce conflict for + resolved as shift
  ! shift/reduce conflict for - resolved as shift
  ! shift/reduce conflict for * resolved as shift
  ! shift/reduce conflict for / resolved as shift
  ! shift/reduce conflict for MUL resolved as shift
    $end            reduce using rule 8 (EXPRESSION -> EXPRESSION MUL EXPRESSION .)
    )               reduce using rule 8 (EXPRESSION -> EXPRESSION MUL EXPRESSION .)
    +               shift and go to state 6
    -               shift and go to state 7
    *               shift and go to state 8
    /               shift and go to state 9
    MUL             shift and go to state 10

  ! +               [ reduce using rule 8 (EXPRESSION -> EXPRESSION MUL EXPRESSION .) ]
  ! -               [ reduce using rule 8 (EXPRESSION -> EXPRESSION MUL EXPRESSION .) ]
  ! *               [ reduce using rule 8 (EXPRESSION -> EXPRESSION MUL EXPRESSION .) ]
  ! /               [ reduce using rule 8 (EXPRESSION -> EXPRESSION MUL EXPRESSION .) ]
  ! MUL             [ reduce using rule 8 (EXPRESSION -> EXPRESSION MUL EXPRESSION .) ]


state 17

    (9) EXPRESSION -> ( EXPRESSION ) .

    +               reduce using rule 9 (EXPRESSION -> ( EXPRESSION ) .)
    -               reduce using rule 9 (EXPRESSION -> ( EXPRESSION ) .)
    *               reduce using rule 9 (EXPRESSION -> ( EXPRESSION ) .)
    /               reduce using rule 9 (EXPRESSION -> ( EXPRESSION ) .)
    MUL             reduce using rule 9 (EXPRESSION -> ( EXPRESSION ) .)
    $end            reduce using rule 9 (EXPRESSION -> ( EXPRESSION ) .)
    )               reduce using rule 9 (EXPRESSION -> ( EXPRESSION ) .)

WARNING: 
WARNING: Conflicts:
WARNING: 
WARNING: shift/reduce conflict for + in state 16 resolved as shift
WARNING: shift/reduce conflict for - in state 16 resolved as shift
WARNING: shift/reduce conflict for * in state 16 resolved as shift
WARNING: shift/reduce conflict for / in state 16 resolved as shift
WARNING: shift/reduce conflict for MUL in state 16 resolved as shift
